<?xml version="1.0" encoding="UTF-8"?>
<testng-results skipped="0" failed="0" ignored="0" total="1" passed="1">
  <reporter-output>
  </reporter-output>
  <suite name="Suite" duration-ms="21169" started-at="2023-02-14T18:32:36Z" finished-at="2023-02-14T18:32:57Z">
    <groups>
    </groups>
    <test name="Test" duration-ms="21169" started-at="2023-02-14T18:32:36Z" finished-at="2023-02-14T18:32:57Z">
      <class name="Auto_BHX_Project.testcase.TC_BHX_Case01">
        <test-method status="PASS" signature="BaseSetup(java.lang.String, java.lang.String)[pri:0, instance:Auto_BHX_Project.testcase.TC_BHX_Case01@4590c9c3]" name="BaseSetup" is-config="true" duration-ms="14668" started-at="2023-02-14T18:32:36Z" finished-at="2023-02-14T18:32:51Z">
          <params>
            <param index="0">
              <value>
                <![CDATA[chrome]]>
              </value>
            </param>
            <param index="1">
              <value>
                <![CDATA[https://www.bachhoaxanh.com]]>
              </value>
            </param>
          </params>
          <reporter-output>
          </reporter-output>
        </test-method> <!-- BaseSetup -->
        <test-method status="PASS" signature="setup()[pri:0, instance:Auto_BHX_Project.testcase.TC_BHX_Case01@4590c9c3]" name="setup" is-config="true" duration-ms="0" started-at="2023-02-14T18:32:51Z" finished-at="2023-02-14T18:32:51Z">
          <reporter-output>
          </reporter-output>
        </test-method> <!-- setup -->
        <test-method status="PASS" signature="ClickBoxSearch()[pri:0, instance:Auto_BHX_Project.testcase.TC_BHX_Case01@4590c9c3]" name="ClickBoxSearch" duration-ms="554" started-at="2023-02-14T18:32:51Z" finished-at="2023-02-14T18:32:51Z">
          <reporter-output>
          </reporter-output>
        </test-method> <!-- ClickBoxSearch -->
        <test-method status="PASS" signature="Teardown()[pri:0, instance:Auto_BHX_Project.testcase.TC_BHX_Case01@4590c9c3]" name="Teardown" is-config="true" duration-ms="24" started-at="2023-02-14T18:32:51Z" finished-at="2023-02-14T18:32:51Z">
          <reporter-output>
          </reporter-output>
        </test-method> <!-- Teardown -->
        <test-method status="PASS" signature="Shutdown()[pri:0, instance:Auto_BHX_Project.testcase.TC_BHX_Case01@4590c9c3]" name="Shutdown" is-config="true" duration-ms="5888" started-at="2023-02-14T18:32:51Z" finished-at="2023-02-14T18:32:57Z">
          <reporter-output>
          </reporter-output>
        </test-method> <!-- Shutdown -->
      </class> <!-- Auto_BHX_Project.testcase.TC_BHX_Case01 -->
    </test> <!-- Test -->
  </suite> <!-- Suite -->
</testng-results>
